{
  "0 debug pnpm:scope": {
    "selected": 1
  },
  "1 debug pnpm:package-manifest": {
    "initial": {
      "name": "svelte-blog",
      "version": "0.0.1",
      "scripts": {
        "dev": "svelte-kit dev",
        "build": "svelte-kit build",
        "package": "svelte-kit package",
        "preview": "svelte-kit preview",
        "prepare": "svelte-kit sync",
        "test": "playwright test",
        "check": "svelte-check --tsconfig ./tsconfig.json",
        "check:watch": "svelte-check --tsconfig ./tsconfig.json --watch",
        "lint": "prettier --check --plugin-search-dir=. . && eslint .",
        "format": "prettier --write --plugin-search-dir=. ."
      },
      "devDependencies": {
        "@playwright/test": "^1.21.0",
        "@sveltejs/adapter-auto": "next",
        "@sveltejs/kit": "next",
        "@typescript-eslint/eslint-plugin": "^5.10.1",
        "@typescript-eslint/parser": "^5.10.1",
        "eslint": "^8.12.0",
        "eslint-config-prettier": "^8.3.0",
        "eslint-plugin-svelte3": "^4.0.0",
        "prettier": "^2.5.1",
        "prettier-plugin-svelte": "^2.5.0",
        "svelte": "^3.44.0",
        "svelte-check": "^2.2.6",
        "svelte-preprocess": "^4.10.1",
        "tslib": "^2.3.1",
        "typescript": "~4.6.2"
      },
      "type": "module"
    },
    "prefix": "/home/emmalex/workspace/dev/node/svelte-blog"
  },
  "2 debug pnpm:context": {
    "currentLockfileExists": false,
    "storeDir": "/home/emmalex/.local/share/pnpm/store/v3",
    "virtualStoreDir": "/home/emmalex/workspace/dev/node/svelte-blog/node_modules/.pnpm"
  },
  "3 debug pnpm:stage": {
    "prefix": "/home/emmalex/workspace/dev/node/svelte-blog",
    "stage": "resolution_started"
  },
  "4 debug pnpm:_dependency_resolved": {
    "resolution": "registry.npmjs.org/@sveltejs/adapter-auto/1.0.0-next.44",
    "wanted": {
      "dependentId": ".",
      "name": "@sveltejs/adapter-auto",
      "rawSpec": "next"
    }
  },
  "5 debug pnpm:progress": {
    "packageId": "registry.npmjs.org/@sveltejs/adapter-auto/1.0.0-next.44",
    "requester": "/home/emmalex/workspace/dev/node/svelte-blog",
    "status": "resolved"
  },
  "6 debug pnpm:progress": {
    "packageId": "registry.npmjs.org/@sveltejs/adapter-auto/1.0.0-next.44",
    "requester": "/home/emmalex/workspace/dev/node/svelte-blog",
    "status": "found_in_store"
  },
  "7 debug pnpm:_dependency_resolved": {
    "resolution": "registry.npmjs.org/@playwright/test/1.22.2",
    "wanted": {
      "dependentId": ".",
      "name": "@playwright/test",
      "rawSpec": "^1.21.0"
    }
  },
  "8 debug pnpm:progress": {
    "packageId": "registry.npmjs.org/@playwright/test/1.22.2",
    "requester": "/home/emmalex/workspace/dev/node/svelte-blog",
    "status": "resolved"
  },
  "9 debug pnpm:progress": {
    "packageId": "registry.npmjs.org/@playwright/test/1.22.2",
    "requester": "/home/emmalex/workspace/dev/node/svelte-blog",
    "status": "found_in_store"
  },
  "10 warn pnpm:install-check": {
    "message": "Unsupported engine for registry.npmjs.org/@sveltejs/kit/1.0.0-next.338: wanted: {\"node\":\">=16\"} (current: {\"node\":\"v14.17.0\",\"pnpm\":\"7.1.2\"})",
    "prefix": "/home/emmalex/workspace/dev/node/svelte-blog"
  },
  "11 error pnpm": {
    "code": "ERR_PNPM_UNSUPPORTED_ENGINE",
    "packageId": "registry.npmjs.org/@sveltejs/kit/1.0.0-next.338",
    "wanted": {
      "node": ">=16"
    },
    "current": {
      "node": "v14.17.0",
      "pnpm": "7.1.2"
    },
    "pkgsStack": [],
    "err": {
      "name": "pnpm",
      "message": "Unsupported engine for registry.npmjs.org/@sveltejs/kit/1.0.0-next.338: wanted: {\"node\":\">=16\"} (current: {\"node\":\"v14.17.0\",\"pnpm\":\"7.1.2\"})",
      "code": "ERR_PNPM_UNSUPPORTED_ENGINE",
      "stack": "pnpm: Unsupported engine for registry.npmjs.org/@sveltejs/kit/1.0.0-next.338: wanted: {\"node\":\">=16\"} (current: {\"node\":\"v14.17.0\",\"pnpm\":\"7.1.2\"})\n    at checkEngine (/snapshot/dist/pnpm.cjs)\n    at checkPackage (/snapshot/dist/pnpm.cjs)\n    at packageIsInstallable (/snapshot/dist/pnpm.cjs)\n    at resolveAndFetch (/snapshot/dist/pnpm.cjs)\n    at processTicksAndRejections (internal/process/task_queues.js:95:5)\n    at async resolveDependency (/snapshot/dist/pnpm.cjs)\n    at async resolveDependenciesOfDependency (/snapshot/dist/pnpm.cjs)\n    at async Promise.all (index 2)\n    at async resolveDependencies (/snapshot/dist/pnpm.cjs)\n    at async /snapshot/dist/pnpm.cjs"
    }
  }
}